<?xml version="1.0" encoding="UTF-8"?>
<robot generator="Robot 7.2.2 (Python 3.12.6 on win32)" generated="2025-02-25T15:29:08.778961" rpa="false" schemaversion="5">
<suite id="s1" name="Test 01" source="C:\Users\antony.vinith\PycharmProjects\PythonProject\RobotFramework\.venv\RobotFramework_Practices\Test_01.robot">
<test id="s1-t1" name="Retrieve data for user 1 and check the response status code" line="6">
<kw name="Create Session" owner="RequestsLibrary">
<msg time="2025-02-25T15:29:09.196050" level="INFO">Creating Session using : alias=zip, url=https://jsonplaceholder.typicode.com, headers={},                     cookies={}, auth=None, timeout=None, proxies=None, verify=True,                     debug=0 </msg>
<arg>zip</arg>
<arg>https://jsonplaceholder.typicode.com</arg>
<arg>verify=True</arg>
<doc>Create Session: create a HTTP session to a server</doc>
<status status="PASS" start="2025-02-25T15:29:09.196050" elapsed="0.000000"/>
</kw>
<kw name="GET On Session" owner="RequestsLibrary">
<msg time="2025-02-25T15:29:09.319250" level="INFO">GET Request : url=https://jsonplaceholder.typicode.com/users/1 
 path_url=/users/1 
 headers={'User-Agent': 'python-requests/2.32.3', 'Accept-Encoding': 'gzip, deflate', 'Accept': '*/*', 'Connection': 'keep-alive'} 
 body=None 
 </msg>
<msg time="2025-02-25T15:29:09.319250" level="INFO">GET Response : url=https://jsonplaceholder.typicode.com/users/1 
 status=200, reason=OK 
 headers={'Date': 'Tue, 25 Feb 2025 09:59:09 GMT', 'Content-Type': 'application/json; charset=utf-8', 'Transfer-Encoding': 'chunked', 'Connection': 'keep-alive', 'Report-To': '{"group":"heroku-nel","max_age":3600,"endpoints":[{"url":"https://nel.heroku.com/reports?ts=1740426852&amp;sid=e11707d5-02a7-43ef-b45e-2cf4d2036f7d&amp;s=%2FV1kEAz9NmyNakmpRNkePvRp7uw0PJQF6jJ%2FfYn1%2BZA%3D"}]}', 'Reporting-Endpoints': 'heroku-nel=https://nel.heroku.com/reports?ts=1740426852&amp;sid=e11707d5-02a7-43ef-b45e-2cf4d2036f7d&amp;s=%2FV1kEAz9NmyNakmpRNkePvRp7uw0PJQF6jJ%2FfYn1%2BZA%3D', 'Nel': '{"report_to":"heroku-nel","max_age":3600,"success_fraction":0.005,"failure_fraction":0.05,"response_headers":["Via"]}', 'X-Powered-By': 'Express', 'X-Ratelimit-Limit': '1000', 'X-Ratelimit-Remaining': '999', 'X-Ratelimit-Reset': '1740426901', 'Vary': 'Origin, Accept-Encoding', 'Access-Control-Allow-Credentials': 'true', 'Cache-Control': 'max-age=43200', 'Pragma': 'no-cache', 'expires': '-1', 'X-Content-Type-Options': 'nosniff', 'etag': 'W/"1fd-+2Y3G3w049iSZtw5t1mzSnunngE"', 'Via': '1.1 vegur', 'Age': '21895', 'cf-cache-status': 'HIT', 'Server': 'cloudflare', 'CF-RAY': '9176d74bf9d1444b-BOM', 'Content-Encoding': 'gzip', 'alt-svc': 'h3=":443"; ma=86400', 'server-timing': 'cfL4;desc="?proto=TCP&amp;rtt=24284&amp;min_rtt=23769&amp;rtt_var=9943&amp;sent=4&amp;recv=6&amp;lost=0&amp;retrans=0&amp;sent_bytes=2842&amp;recv_bytes=785&amp;delivery_rate=104697&amp;cwnd=230&amp;unsent_bytes=0&amp;cid=c2ba0700a8d66f24&amp;ts=47&amp;x=0"'} 
 body={
  "id": 1,
  "name": "Leanne Graham",
  "username": "Bret",
  "email": "Sincere@april.biz",
  "address": {
    "street": "Kulas Light",
    "suite": "Apt. 556",
    "city": "Gwenborough",
    "zipcode": "92998-3874",
    "geo": {
      "lat": "-37.3159",
      "lng": "81.1496"
    }
  },
  "phone": "1-770-736-8031 x56442",
  "website": "hildegard.org",
  "company": {
    "name": "Romaguera-Crona",
    "catchPhrase": "Multi-layered client-server neural-net",
    "bs": "harness real-time e-markets"
  }
} 
 </msg>
<msg time="2025-02-25T15:29:09.320270" level="INFO">${response} = &lt;Response [200]&gt;</msg>
<var>${response}</var>
<arg>zip</arg>
<arg>/users/1</arg>
<doc>Sends a GET request on a previously created HTTP Session.</doc>
<status status="PASS" start="2025-02-25T15:29:09.196050" elapsed="0.124220"/>
</kw>
<kw name="Status Should Be" owner="RequestsLibrary">
<msg time="2025-02-25T15:29:09.322264" level="FAIL">Url: https://jsonplaceholder.typicode.com/users/1 Expected status: 200 != 201</msg>
<arg>201</arg>
<arg>${response}</arg>
<doc>Fails if response status code is different than the expected.</doc>
<status status="FAIL" start="2025-02-25T15:29:09.321264" elapsed="0.005001">Url: https://jsonplaceholder.typicode.com/users/1 Expected status: 200 != 201</status>
</kw>
<status status="FAIL" start="2025-02-25T15:29:09.196050" elapsed="0.130215">Url: https://jsonplaceholder.typicode.com/users/1 Expected status: 200 != 201</status>
</test>
<doc>Exercises 02</doc>
<status status="FAIL" start="2025-02-25T15:29:08.779966" elapsed="0.547814"/>
</suite>
<statistics>
<total>
<stat pass="0" fail="1" skip="0">All Tests</stat>
</total>
<tag>
</tag>
<suite>
<stat name="Test 01" id="s1" pass="0" fail="1" skip="0">Test 01</stat>
</suite>
</statistics>
<errors>
</errors>
</robot>
