<?xml version="1.0" encoding="UTF-8"?>
<robot generator="Robot 7.2.2 (Python 3.12.6 on win32)" generated="2025-03-18T14:06:31.541039" rpa="false" schemaversion="5">
<suite id="s1" name="RobotFramework" source="C:\Users\antony.vinith\PycharmProjects\PythonProject\RobotFramework">
<suite id="s1-s1" name="RobotFramework Practices" source="C:\Users\antony.vinith\PycharmProjects\PythonProject\RobotFramework\RobotFramework_Practices">
<suite id="s1-s1-s1" name="Test 01" source="C:\Users\antony.vinith\PycharmProjects\PythonProject\RobotFramework\RobotFramework_Practices\Test_01.robot">
<test id="s1-s1-s1-t1" name="Retrieve data for user 2 and check the response status code" line="8">
<kw name="Create Session" owner="RequestsLibrary">
<msg time="2025-03-18T14:06:31.921058" level="INFO">Creating Session using : alias=Session, url=https://reqres.in/api, headers={},                     cookies={}, auth=None, timeout=None, proxies=None, verify=False,                     debug=0 </msg>
<arg>Session</arg>
<arg>${BASE_URL}</arg>
<arg>verify=False</arg>
<doc>Create Session: create a HTTP session to a server</doc>
<status status="PASS" start="2025-03-18T14:06:31.919985" elapsed="0.001073"/>
</kw>
<kw name="GET On Session" owner="RequestsLibrary">
<var>${response}</var>
<arg>Session</arg>
<arg>/users/2</arg>
<doc>Sends a GET request on a previously created HTTP Session.</doc>
<status status="FAIL" start="2025-03-18T14:06:31.922056" elapsed="42.394226">Execution terminated by signal</status>
</kw>
<kw name="Status Should Be" owner="RequestsLibrary">
<arg>200</arg>
<arg>${response}</arg>
<doc>Fails if response status code is different than the expected.</doc>
<status status="NOT RUN" start="2025-03-18T14:07:14.316282" elapsed="0.001000"/>
</kw>
<kw name="Log To Console" owner="BuiltIn">
<arg>${response.json()}</arg>
<doc>Logs the given message to the console.</doc>
<status status="NOT RUN" start="2025-03-18T14:07:14.317282" elapsed="0.000000"/>
</kw>
<kw name="Delete All Sessions" owner="RequestsLibrary">
<doc>Removes all the session objects</doc>
<status status="NOT RUN" start="2025-03-18T14:07:14.318282" elapsed="0.000000"/>
</kw>
<status status="FAIL" start="2025-03-18T14:06:31.919985" elapsed="42.399302">Execution terminated by signal</status>
</test>
<status status="FAIL" start="2025-03-18T14:06:31.559560" elapsed="42.761721"/>
</suite>
<status status="FAIL" start="2025-03-18T14:06:31.558560" elapsed="42.765724"/>
</suite>
<status status="FAIL" start="2025-03-18T14:06:31.542043" elapsed="42.785237"/>
</suite>
<statistics>
<total>
<stat pass="0" fail="1" skip="0">All Tests</stat>
</total>
<tag>
</tag>
<suite>
<stat name="RobotFramework" id="s1" pass="0" fail="1" skip="0">RobotFramework</stat>
<stat name="RobotFramework Practices" id="s1-s1" pass="0" fail="1" skip="0">RobotFramework.RobotFramework Practices</stat>
<stat name="Test 01" id="s1-s1-s1" pass="0" fail="1" skip="0">RobotFramework.RobotFramework Practices.Test 01</stat>
</suite>
</statistics>
<errors>
</errors>
</robot>
