<?xml version="1.0" encoding="UTF-8"?>
<robot generator="Robot 7.2.2 (Python 3.12.6 on win32)" generated="2025-04-17T15:24:55.583401" rpa="false" schemaversion="5">
<suite id="s1" name="Web Testing Register user" source="C:\Users\antony.vinith\PycharmProjects\PythonProject\RobotFramework\RobotFramework_Practices\Web_Testing_Register_user.robot">
<test id="s1-t1" name="Register And Login" line="12">
<kw name="Open Browser" owner="SeleniumLibrary">
<msg time="2025-04-17T15:24:55.871136" level="INFO">Opening browser 'Chrome' to base url 'https://www.demoblaze.com/'.</msg>
<arg>${URL}</arg>
<arg>${BROWSER}</arg>
<doc>Opens a new browser instance to the optional ``url``.</doc>
<status status="PASS" start="2025-04-17T15:24:55.871136" elapsed="3.361022"/>
</kw>
<kw name="Maximize Browser Window" owner="SeleniumLibrary">
<doc>Maximizes current browser window.</doc>
<status status="PASS" start="2025-04-17T15:24:59.232158" elapsed="0.064662"/>
</kw>
<kw name="Click Element" owner="SeleniumLibrary">
<msg time="2025-04-17T15:24:59.298753" level="INFO">Clicking element 'xpath=//a[text()='Sign up']'.</msg>
<arg>xpath=//a[text()='Sign up']</arg>
<doc>Click the element identified by ``locator``.</doc>
<status status="PASS" start="2025-04-17T15:24:59.297755" elapsed="0.373478"/>
</kw>
<kw name="Sleep" owner="BuiltIn">
<msg time="2025-04-17T15:25:04.672764" level="INFO">Slept 5 seconds.</msg>
<arg>5s</arg>
<doc>Pauses the test executed for the given time.</doc>
<status status="PASS" start="2025-04-17T15:24:59.672238" elapsed="5.000526"/>
</kw>
<kw name="Input Text" owner="SeleniumLibrary">
<msg time="2025-04-17T15:25:04.674874" level="INFO">Typing text 'Antony' into text field 'id=sign-username'.</msg>
<arg>id=sign-username</arg>
<arg>${USERNAME}</arg>
<doc>Types the given ``text`` into the text field identified by ``locator``.</doc>
<status status="PASS" start="2025-04-17T15:25:04.673892" elapsed="0.299290"/>
</kw>
<kw name="Input Text" owner="SeleniumLibrary">
<msg time="2025-04-17T15:25:04.974183" level="INFO">Typing text 'password123' into text field 'id=sign-password'.</msg>
<arg>id=sign-password</arg>
<arg>${PASSWORD}</arg>
<doc>Types the given ``text`` into the text field identified by ``locator``.</doc>
<status status="PASS" start="2025-04-17T15:25:04.973182" elapsed="0.265330"/>
</kw>
<kw name="Sleep" owner="BuiltIn">
<msg time="2025-04-17T15:25:10.242130" level="INFO">Slept 5 seconds.</msg>
<arg>5s</arg>
<doc>Pauses the test executed for the given time.</doc>
<status status="PASS" start="2025-04-17T15:25:05.239998" elapsed="5.002132"/>
</kw>
<kw name="Click Button" owner="SeleniumLibrary">
<msg time="2025-04-17T15:25:10.243256" level="INFO">Clicking button 'xpath=//button[text()='Sign up']'.</msg>
<arg>xpath=//button[text()='Sign up']</arg>
<doc>Clicks the button identified by ``locator``.</doc>
<status status="PASS" start="2025-04-17T15:25:10.242130" elapsed="0.135208"/>
</kw>
<kw name="Sleep" owner="BuiltIn">
<msg time="2025-04-17T15:25:15.378954" level="INFO">Slept 5 seconds.</msg>
<arg>5s</arg>
<doc>Pauses the test executed for the given time.</doc>
<status status="PASS" start="2025-04-17T15:25:10.378440" elapsed="5.000514"/>
</kw>
<kw name="Page Should Contain" owner="SeleniumLibrary">
<msg time="2025-04-17T15:25:15.688823" level="INFO" html="true">&lt;/td&gt;&lt;/tr&gt;&lt;tr&gt;&lt;td colspan="3"&gt;&lt;a href="selenium-screenshot-10.png"&gt;&lt;img src="selenium-screenshot-10.png" width="800px"&gt;&lt;/a&gt;</msg>
<msg time="2025-04-17T15:25:15.688823" level="FAIL">Page should have contained text 'Welcome' but did not.</msg>
<arg>Welcome</arg>
<doc>Verifies that current page contains ``text``.</doc>
<status status="FAIL" start="2025-04-17T15:25:15.380451" elapsed="0.313028">Page should have contained text 'Welcome' but did not.</status>
</kw>
<kw name="Click Element" owner="SeleniumLibrary">
<arg>xpath=//a[text()='Log in']</arg>
<doc>Click the element identified by ``locator``.</doc>
<status status="NOT RUN" start="2025-04-17T15:25:15.693479" elapsed="0.000000"/>
</kw>
<kw name="Input Text" owner="SeleniumLibrary">
<arg>id=username</arg>
<arg>${USERNAME}</arg>
<doc>Types the given ``text`` into the text field identified by ``locator``.</doc>
<status status="NOT RUN" start="2025-04-17T15:25:15.694514" elapsed="0.000000"/>
</kw>
<kw name="Input Text" owner="SeleniumLibrary">
<arg>id=password</arg>
<arg>${PASSWORD}</arg>
<doc>Types the given ``text`` into the text field identified by ``locator``.</doc>
<status status="NOT RUN" start="2025-04-17T15:25:15.695528" elapsed="0.000000"/>
</kw>
<kw name="Click Button" owner="SeleniumLibrary">
<arg>xpath=//button[text()='Log in']</arg>
<doc>Clicks the button identified by ``locator``.</doc>
<status status="NOT RUN" start="2025-04-17T15:25:15.695528" elapsed="0.000946"/>
</kw>
<kw name="Sleep" owner="BuiltIn">
<arg>2s</arg>
<doc>Pauses the test executed for the given time.</doc>
<status status="NOT RUN" start="2025-04-17T15:25:15.697529" elapsed="0.000000"/>
</kw>
<kw name="Page Should Contain" owner="SeleniumLibrary">
<arg>Welcome</arg>
<doc>Verifies that current page contains ``text``.</doc>
<status status="NOT RUN" start="2025-04-17T15:25:15.697529" elapsed="0.000000"/>
</kw>
<kw name="Close Browser" owner="SeleniumLibrary">
<doc>Closes the current browser.</doc>
<status status="NOT RUN" start="2025-04-17T15:25:15.698653" elapsed="0.000000"/>
</kw>
<status status="FAIL" start="2025-04-17T15:24:55.870138" elapsed="19.829572">Page should have contained text 'Welcome' but did not.</status>
</test>
<status status="FAIL" start="2025-04-17T15:24:55.585402" elapsed="20.115383"/>
</suite>
<statistics>
<total>
<stat pass="0" fail="1" skip="0">All Tests</stat>
</total>
<tag>
</tag>
<suite>
<stat name="Web Testing Register user" id="s1" pass="0" fail="1" skip="0">Web Testing Register user</stat>
</suite>
</statistics>
<errors>
</errors>
</robot>
