<?xml version="1.0" encoding="UTF-8"?>
<robot generator="Robot 7.2.2 (Python 3.12.6 on win32)" generated="2025-04-17T13:45:43.859669" rpa="false" schemaversion="5">
<suite id="s1" name="WebTesting Verify Cart" source="C:\Users\antony.vinith\PycharmProjects\PythonProject\RobotFramework\RobotFramework_Practices\WebTesting_Verify_Cart.robot">
<test id="s1-t1" name="Verify Multiple Products Added to Cart" line="73">
<kw name="Open Browser" owner="SeleniumLibrary">
<msg time="2025-04-17T13:45:44.172028" level="WARN">exexcutable_path is being deprecated. Please use service to configure the driver's executable_path as per documentation.</msg>
<msg time="2025-04-17T13:45:44.173026" level="INFO">Opening browser 'Edge' to base url 'https://www.saucedemo.com/'.</msg>
<arg>${URL}</arg>
<arg>Edge</arg>
<arg>executable_path=${EDGEDRIVER}</arg>
<doc>Opens a new browser instance to the optional ``url``.</doc>
<status status="PASS" start="2025-04-17T13:45:44.172028" elapsed="3.623490"/>
</kw>
<kw name="Maximize Browser Window" owner="SeleniumLibrary">
<doc>Maximizes current browser window.</doc>
<status status="PASS" start="2025-04-17T13:45:47.795518" elapsed="0.123199"/>
</kw>
<kw name="Input Text" owner="SeleniumLibrary">
<msg time="2025-04-17T13:45:47.923265" level="INFO">Typing text 'standard_user' into text field 'xpath=//input[@id="user-name"]'.</msg>
<arg>xpath=//input[@id="user-name"]</arg>
<arg>${USERNAME}</arg>
<doc>Types the given ``text`` into the text field identified by ``locator``.</doc>
<status status="PASS" start="2025-04-17T13:45:47.921264" elapsed="0.313421"/>
</kw>
<kw name="Input Text" owner="SeleniumLibrary">
<msg time="2025-04-17T13:45:48.235687" level="INFO">Typing text 'secret_sauce' into text field 'xpath=//input[@id="password"]'.</msg>
<arg>xpath=//input[@id="password"]</arg>
<arg>${PASSWORD}</arg>
<doc>Types the given ``text`` into the text field identified by ``locator``.</doc>
<status status="PASS" start="2025-04-17T13:45:48.235687" elapsed="0.159684"/>
</kw>
<kw name="Click Button" owner="SeleniumLibrary">
<msg time="2025-04-17T13:45:48.396379" level="INFO">Clicking button 'xpath=//input[@id='login-button']'.</msg>
<arg>${LGN_BTN}</arg>
<doc>Clicks the button identified by ``locator``.</doc>
<status status="PASS" start="2025-04-17T13:45:48.395371" elapsed="0.140681"/>
</kw>
<kw name="Click Button" owner="SeleniumLibrary">
<msg time="2025-04-17T13:45:48.537055" level="INFO">Clicking button 'xpath=//button[@id='add-to-cart-sauce-labs-backpack']'.</msg>
<arg>${ADD_ITEM1}</arg>
<doc>Clicks the button identified by ``locator``.</doc>
<status status="PASS" start="2025-04-17T13:45:48.536052" elapsed="0.117200"/>
</kw>
<kw name="Click Button" owner="SeleniumLibrary">
<msg time="2025-04-17T13:45:48.654253" level="INFO">Clicking button 'xpath=//button[@id='add-to-cart-sauce-labs-bike-light']'.</msg>
<arg>${ADD_ITEM2}</arg>
<doc>Clicks the button identified by ``locator``.</doc>
<status status="PASS" start="2025-04-17T13:45:48.654253" elapsed="0.091425"/>
</kw>
<kw name="Sleep" owner="BuiltIn">
<msg time="2025-04-17T13:45:50.748896" level="INFO">Slept 2 seconds.</msg>
<arg>2s</arg>
<doc>Pauses the test executed for the given time.</doc>
<status status="PASS" start="2025-04-17T13:45:48.746218" elapsed="2.002678"/>
</kw>
<kw name="Get Text" owner="SeleniumLibrary">
<msg time="2025-04-17T13:45:50.813706" level="INFO">${cart_count} = 2</msg>
<var>${cart_count}</var>
<arg>${CART_ICON}</arg>
<doc>Returns the text value of the element identified by ``locator``.</doc>
<status status="PASS" start="2025-04-17T13:45:50.749912" elapsed="0.063794"/>
</kw>
<kw name="Should Be Equal As Strings" owner="BuiltIn">
<arg>${cart_count}</arg>
<arg>2</arg>
<doc>Fails if objects are unequal after converting them to strings.</doc>
<status status="PASS" start="2025-04-17T13:45:50.816246" elapsed="0.000997"/>
</kw>
<kw name="Log To Console" owner="BuiltIn">
<arg>Cart shows correct count for multiple items.</arg>
<doc>Logs the given message to the console.</doc>
<status status="PASS" start="2025-04-17T13:45:50.819255" elapsed="0.001001"/>
</kw>
<kw name="Close Browser" owner="SeleniumLibrary">
<doc>Closes the current browser.</doc>
<status status="PASS" start="2025-04-17T13:45:50.821242" elapsed="2.442181"/>
</kw>
<status status="PASS" start="2025-04-17T13:45:44.171093" elapsed="9.093678"/>
</test>
<test id="s1-t2" name="Verify Multiple Products Added to Cart" line="93">
<kw name="Open Browser" owner="SeleniumLibrary">
<msg time="2025-04-17T13:45:53.268547" level="WARN">exexcutable_path is being deprecated. Please use service to configure the driver's executable_path as per documentation.</msg>
<msg time="2025-04-17T13:45:53.269598" level="INFO">Opening browser 'Edge' to base url 'https://www.saucedemo.com/'.</msg>
<arg>${URL}</arg>
<arg>Edge</arg>
<arg>executable_path=${EDGEDRIVER}</arg>
<doc>Opens a new browser instance to the optional ``url``.</doc>
<status status="PASS" start="2025-04-17T13:45:53.268547" elapsed="3.546696"/>
</kw>
<kw name="Maximize Browser Window" owner="SeleniumLibrary">
<doc>Maximizes current browser window.</doc>
<status status="PASS" start="2025-04-17T13:45:56.817382" elapsed="0.145409"/>
</kw>
<kw name="Input Text" owner="SeleniumLibrary">
<msg time="2025-04-17T13:45:56.965337" level="INFO">Typing text 'standard_user' into text field 'xpath=//input[@id="user-name"]'.</msg>
<arg>xpath=//input[@id="user-name"]</arg>
<arg>${USERNAME}</arg>
<doc>Types the given ``text`` into the text field identified by ``locator``.</doc>
<status status="PASS" start="2025-04-17T13:45:56.964313" elapsed="0.279689"/>
</kw>
<kw name="Input Text" owner="SeleniumLibrary">
<msg time="2025-04-17T13:45:57.244002" level="INFO">Typing text 'secret_sauce' into text field 'xpath=//input[@id="password"]'.</msg>
<arg>xpath=//input[@id="password"]</arg>
<arg>${PASSWORD}</arg>
<doc>Types the given ``text`` into the text field identified by ``locator``.</doc>
<status status="PASS" start="2025-04-17T13:45:57.244002" elapsed="0.158114"/>
</kw>
<kw name="Click Button" owner="SeleniumLibrary">
<msg time="2025-04-17T13:45:57.405442" level="INFO">Clicking button 'xpath=//input[@id='login-button']'.</msg>
<arg>${LGN_BTN}</arg>
<doc>Clicks the button identified by ``locator``.</doc>
<status status="PASS" start="2025-04-17T13:45:57.404442" elapsed="0.237174"/>
</kw>
<kw name="Click Button" owner="SeleniumLibrary">
<msg time="2025-04-17T13:45:57.642607" level="INFO">Clicking button 'xpath=//button[@id='add-to-cart-sauce-labs-backpack']'.</msg>
<arg>${ADD_ITEM1}</arg>
<doc>Clicks the button identified by ``locator``.</doc>
<status status="PASS" start="2025-04-17T13:45:57.642607" elapsed="0.162355"/>
</kw>
<kw name="Click Button" owner="SeleniumLibrary">
<msg time="2025-04-17T13:45:57.807526" level="INFO">Clicking button 'xpath=//button[@id='add-to-cart-sauce-labs-bike-light']'.</msg>
<arg>${ADD_ITEM2}</arg>
<doc>Clicks the button identified by ``locator``.</doc>
<status status="PASS" start="2025-04-17T13:45:57.806506" elapsed="0.132529"/>
</kw>
<kw name="Sleep" owner="BuiltIn">
<msg time="2025-04-17T13:45:59.940257" level="INFO">Slept 2 seconds.</msg>
<arg>2s</arg>
<doc>Pauses the test executed for the given time.</doc>
<status status="PASS" start="2025-04-17T13:45:57.940050" elapsed="2.000207"/>
</kw>
<kw name="Get Text" owner="SeleniumLibrary">
<msg time="2025-04-17T13:45:59.965336" level="INFO">${cart_count} = 2</msg>
<var>${cart_count}</var>
<arg>${CART_ICON}</arg>
<doc>Returns the text value of the element identified by ``locator``.</doc>
<status status="PASS" start="2025-04-17T13:45:59.940257" elapsed="0.025079"/>
</kw>
<kw name="Should Be Equal As Strings" owner="BuiltIn">
<arg>${cart_count}</arg>
<arg>2</arg>
<doc>Fails if objects are unequal after converting them to strings.</doc>
<status status="PASS" start="2025-04-17T13:45:59.965336" elapsed="0.000000"/>
</kw>
<kw name="Log To Console" owner="BuiltIn">
<arg>Cart shows correct count for multiple items.</arg>
<doc>Logs the given message to the console.</doc>
<status status="PASS" start="2025-04-17T13:45:59.965336" elapsed="0.001005"/>
</kw>
<kw name="Close Browser" owner="SeleniumLibrary">
<doc>Closes the current browser.</doc>
<status status="PASS" start="2025-04-17T13:45:59.966341" elapsed="2.424025"/>
</kw>
<status status="PASS" start="2025-04-17T13:45:53.266294" elapsed="9.125381"/>
</test>
<status status="PASS" start="2025-04-17T13:45:43.860652" elapsed="18.531023"/>
</suite>
<statistics>
<total>
<stat pass="2" fail="0" skip="0">All Tests</stat>
</total>
<tag>
</tag>
<suite>
<stat name="WebTesting Verify Cart" id="s1" pass="2" fail="0" skip="0">WebTesting Verify Cart</stat>
</suite>
</statistics>
<errors>
<msg time="2025-04-17T13:45:44.172028" level="WARN">exexcutable_path is being deprecated. Please use service to configure the driver's executable_path as per documentation.</msg>
<msg time="2025-04-17T13:45:53.266294" level="WARN">Multiple tests with name 'Verify Multiple Products Added to Cart' executed in suite 'WebTesting Verify Cart'.</msg>
<msg time="2025-04-17T13:45:53.268547" level="WARN">exexcutable_path is being deprecated. Please use service to configure the driver's executable_path as per documentation.</msg>
</errors>
</robot>
